autoscan-2.69: warning: missing AC_CHECK_FUNCS([setlocale]) wanted by: 
	rdjpgcom.c:233
	rdjpgcom.c:271
autoscan-2.69: warning: missing AC_CHECK_HEADERS([fcntl.h]) wanted by: 
	rdjpgcom.c:23
	wrjpgcom.c:22
	cdjpeg.c:18
autoscan-2.69: warning: missing AC_CHECK_HEADERS([malloc.h]) wanted by: 
	jmemdos.c:62
	ansi2knr.c:178
autoscan-2.69: warning: missing AC_FUNC_MALLOC wanted by: 
	jmemansi.c:21
	jmemansi.c:38
	jmemansi.c:58
	jmemdos.c:48
	jmemdos.c:168
	ansi2knr.c:181
	ansi2knr.c:184
	ansi2knr.c:302
	ansi2knr.c:579
	jdatadst.c:24
	jdatadst.c:131
	jdatadst.c:259
	wrjpgcom.c:18
	wrjpgcom.c:453
	wrjpgcom.c:541
	jmemnobs.c:24
	jmemnobs.c:37
	jmemnobs.c:57
	jmemname.c:21
	jmemname.c:145
	jmemname.c:165
autoscan-2.69: warning: missing AC_PROG_CXX wanted by: 
	ltmain.sh:960
	ltmain.sh:1380
	ltmain.sh:1383
	ltmain.sh:1388
	ltmain.sh:1388
	ltmain.sh:1398
	ltmain.sh:1402
	ltmain.sh:1405
	ltmain.sh:1405
	ltmain.sh:2442
autoscan-2.69: warning: missing AC_PROG_RANLIB wanted by: 
	ltmain.sh:2455
autoscan-2.69: warning: missing AC_TYPE_SIZE_T wanted by: 
	jpeglib.h:754
	jpeglib.h:766
	jpeglib.h:798
	jpeglib.h:800
	jpeglib.h:940
	jpeglib.h:943
	jpeglib.h:945
	jpeglib.h:947
	jdmerge.c:389
	jdhuff.c:88
	jdhuff.c:472
	wrtarga.c:88
	wrtarga.c:243
	jutils.c:161
	jutils.c:166
	jutils.c:188
	jutils.c:188
	jinclude.h:89
	jinclude.h:89
	jinclude.h:89
	jinclude.h:91
	jinclude.h:91
	jinclude.h:91
	jmemansi.c:21
	jmemansi.c:36
	jmemansi.c:42
	jmemansi.c:56
	jmemansi.c:62
	jmemansi.c:104
	jmemansi.c:117
	jdapimin.c:31
	jmemsys.h:47
	jmemsys.h:49
	jmemsys.h:61
	jmemsys.h:63
	jdmarker.c:123
	jquant1.c:535
	jquant1.c:640
	jquant1.c:726
	jquant1.c:729
	jquant1.c:745
	jquant1.c:783
	jcapimin.c:31
	jmemmgr.c:95
	jmemmgr.c:96
	jmemmgr.c:106
	jmemmgr.c:107
	jmemmgr.c:242
	jmemmgr.c:248
	jmemmgr.c:258
	jmemmgr.c:264
	jmemmgr.c:267
	jmemmgr.c:296
	jmemmgr.c:297
	jmemmgr.c:343
	jmemmgr.c:348
	jmemmgr.c:351
	jmemmgr.c:419
	jmemmgr.c:426
	jmemmgr.c:426
	jmemmgr.c:426
	jmemmgr.c:467
	jmemmgr.c:474
	jmemmgr.c:474
	jmemmgr.c:474
	jmemmgr.c:821
	jmemmgr.c:821
	jmemmgr.c:906
	jmemmgr.c:906
	jmemmgr.c:936
	jmemmgr.c:1034
	jmemmgr.c:1052
	jmemdos.c:48
	jmemdos.c:166
	jmemdos.c:172
	jmemdos.c:183
	jmemdos.c:189
	jdatasrc.c:100
	jdatasrc.c:172
	jdatasrc.c:173
	jdatasrc.c:273
	wrgif.c:87
	rdppm.c:77
	rdppm.c:388
	rdppm.c:418
	jdatadst.c:24
	jdatadst.c:52
	jdatadst.c:113
	jdatadst.c:125
	jdatadst.c:166
	jquant2.c:1200
	jquant2.c:1200
	jquant2.c:1305
	wrbmp.c:219
	wrbmp.c:221
	wrbmp.c:276
	wrbmp.c:278
	jdcoefct.c:168
	jdcoefct.c:736
	ckconfig.c:90
	jchuff.c:106
	jchuff.c:125
	jmemmac.c:82
	jmemmac.c:88
	jmemmac.c:102
	jmemmac.c:108
	wrppm.c:75
	wrjpgcom.c:453
	wrjpgcom.c:541
	wrrle.c:80
	jccoefct.c:314
	jpegint.h:353
	jmemnobs.c:24
	jmemnobs.c:35
	jmemnobs.c:41
	jmemnobs.c:55
	jmemnobs.c:61
	jmemname.c:21
	jmemname.c:143
	jmemname.c:149
	jmemname.c:163
	jmemname.c:169
	jmemname.c:211
	jmemname.c:224
